#
# There is insufficient memory for the Java Runtime Environment to continue.
# Native memory allocation (malloc) failed to allocate 32744 bytes for ChunkPool::allocate
# Possible reasons:
#   The system is out of physical RAM or swap space
#   The process is running with CompressedOops enabled, and the Java Heap may be blocking the growth of the native heap
# Possible solutions:
#   Reduce memory load on the system
#   Increase physical memory or swap space
#   Check if swap backing store is full
#   Decrease Java heap size (-Xmx/-Xms)
#   Decrease number of Java threads
#   Decrease Java thread stack sizes (-Xss)
#   Set larger code cache with -XX:ReservedCodeCacheSize=
#   JVM is running with Zero Based Compressed Oops mode in which the Java heap is
#     placed in the first 32GB address space. The Java Heap base address is the
#     maximum limit for the native heap growth. Please use -XX:HeapBaseMinAddress
#     to set the Java Heap base and to place the Java Heap above 32GB virtual address.
# This output file may be truncated or incomplete.
#
#  Out of Memory Error (t:/workspace/open/src/hotspot/share/memory/arena.cpp:81), pid=8308, tid=29956
#
# JRE version: Java(TM) SE Runtime Environment (11.0.2+9) (build 11.0.2+9-LTS)
# Java VM: Java HotSpot(TM) 64-Bit Server VM (11.0.2+9-LTS, mixed mode, tiered, compressed oops, g1 gc, windows-amd64)
# No core dump will be written. Minidumps are not enabled by default on client versions of Windows
#

---------------  S U M M A R Y ------------

Command Line: -XX:TieredStopAtLevel=1 -Xverify:none -Dspring.output.ansi.enabled=always -Dcom.sun.management.jmxremote -Dspring.jmx.enabled=true -Dspring.liveBeansView.mbeanDomain -Dspring.application.admin.enabled=true -javaagent:E:\Program Files\JetBrains\IntelliJ IDEA 2019.3.3\lib\idea_rt.jar=49413:E:\Program Files\JetBrains\IntelliJ IDEA 2019.3.3\bin -Dfile.encoding=UTF-8 com.aquoco.starthere.StartHereApplication

Host: Intel(R) Core(TM) i5-8400 CPU @ 2.80GHz, 6 cores, 15G,  Windows 10 , 64 bit Build 19041 (10.0.19041.292)
Time: Fri Sep 11 13:42:11 2020 Pacific Daylight Time elapsed time: 3 seconds (0d 0h 0m 3s)

---------------  T H R E A D  ---------------

Current thread (0x0000023d77282800):  JavaThread "logback-1" daemon [_thread_in_vm, id=29956, stack(0x00000054a1700000,0x00000054a1800000)]

Stack: [0x00000054a1700000,0x00000054a1800000]
Native frames: (J=compiled Java code, j=interpreted, Vv=VM code, C=native code)
V  [jvm.dll+0x63574a]
V  [jvm.dll+0x77326f]
V  [jvm.dll+0x77491a]
V  [jvm.dll+0x774fd3]
V  [jvm.dll+0x25e418]
V  [jvm.dll+0xc237b]
V  [jvm.dll+0xc26dc]
V  [jvm.dll+0x5ef6bd]
V  [jvm.dll+0x5edfcd]
V  [jvm.dll+0x5f0eb3]
V  [jvm.dll+0x5f0cd1]
V  [jvm.dll+0x5f0304]
V  [jvm.dll+0x5edcec]
V  [jvm.dll+0x5e7175]
V  [jvm.dll+0x6ba7a1]
V  [jvm.dll+0x6bb385]
V  [jvm.dll+0x6ba87a]
V  [jvm.dll+0x388434]
V  [jvm.dll+0x38824d]
C  0x0000023d599ce019

Java frames: (J=compiled Java code, j=interpreted, Vv=VM code)
j  java.util.regex.Pattern.escape(ZZZ)I+0 java.base@11.0.2
J 2003 c1 java.util.regex.Pattern.atom()Ljava/util/regex/Pattern$Node; java.base@11.0.2 (422 bytes) @ 0x0000023d5a36d894 [0x0000023d5a36d6e0+0x00000000000001b4]
J 2023 c1 java.util.regex.Pattern.sequence(Ljava/util/regex/Pattern$Node;)Ljava/util/regex/Pattern$Node; java.base@11.0.2 (645 bytes) @ 0x0000023d5a379d9c [0x0000023d5a379660+0x000000000000073c]
J 2024 c1 java.util.regex.Pattern.expr(Ljava/util/regex/Pattern$Node;)Ljava/util/regex/Pattern$Node; java.base@11.0.2 (142 bytes) @ 0x0000023d5a3782dc [0x0000023d5a378240+0x000000000000009c]
j  java.util.regex.Pattern.group0()Ljava/util/regex/Pattern$Node;+659 java.base@11.0.2
J 2023 c1 java.util.regex.Pattern.sequence(Ljava/util/regex/Pattern$Node;)Ljava/util/regex/Pattern$Node; java.base@11.0.2 (645 bytes) @ 0x0000023d5a37a444 [0x0000023d5a379660+0x0000000000000de4]
J 2024 c1 java.util.regex.Pattern.expr(Ljava/util/regex/Pattern$Node;)Ljava/util/regex/Pattern$Node; java.base@11.0.2 (142 bytes) @ 0x0000023d5a3782dc [0x0000023d5a378240+0x000000000000009c]
J 2020 c1 java.util.regex.Pattern.compile()V java.base@11.0.2 (498 bytes) @ 0x0000023d5a376874 [0x0000023d5a3761e0+0x0000000000000694]
J 4365 c1 java.util.regex.Pattern.<init>(Ljava/lang/String;I)V java.base@11.0.2 (136 bytes) @ 0x0000023d5a7bc764 [0x0000023d5a7bc300+0x0000000000000464]
J 4376 c1 ch.qos.logback.core.rolling.helper.FileFilterUtil$3.accept(Ljava/io/File;Ljava/lang/String;)Z (9 bytes) @ 0x0000023d5a7bf39c [0x0000023d5a7bf2e0+0x00000000000000bc]
j  java.io.File.listFiles(Ljava/io/FilenameFilter;)[Ljava/io/File;+52 java.base@11.0.2
j  ch.qos.logback.core.rolling.helper.FileFilterUtil.filesInFolderMatchingStemRegex(Ljava/io/File;Ljava/lang/String;)[Ljava/io/File;+37
j  ch.qos.logback.core.rolling.helper.SizeAndTimeBasedArchiveRemover.getFilesInPeriod(Ljava/util/Date;)[Ljava/io/File;+46
j  ch.qos.logback.core.rolling.helper.TimeBasedArchiveRemover.capTotalSize(Ljava/util/Date;)V+33
j  ch.qos.logback.core.rolling.helper.TimeBasedArchiveRemover$ArhiveRemoverRunnable.run()V+43
j  java.util.concurrent.Executors$RunnableAdapter.call()Ljava/lang/Object;+4 java.base@11.0.2
j  java.util.concurrent.FutureTask.run()V+39 java.base@11.0.2
j  java.util.concurrent.ScheduledThreadPoolExecutor$ScheduledFutureTask.run()V+28 java.base@11.0.2
j  java.util.concurrent.ThreadPoolExecutor.runWorker(Ljava/util/concurrent/ThreadPoolExecutor$Worker;)V+92 java.base@11.0.2
j  java.util.concurrent.ThreadPoolExecutor$Worker.run()V+5 java.base@11.0.2
j  java.lang.Thread.run()V+11 java.base@11.0.2
v  ~StubRoutines::call_stub

---------------  P R O C E S S  ---------------

Threads class SMR info:
_java_thread_list=0x0000023d7726c780, length=18, elements={
0x0000023d516a0000, 0x0000023d75366800, 0x0000023d75367800, 0x0000023d75380800,
0x0000023d75382000, 0x0000023d75383000, 0x0000023d75388000, 0x0000023d7550c800,
0x0000023d75b6d800, 0x0000023d75b75000, 0x0000023d75ccc800, 0x0000023d75ccd800,
0x0000023d75d32800, 0x0000023d76a40000, 0x0000023d76a8c800, 0x0000023d75b80800,
0x0000023d76f07000, 0x0000023d77282800
}

Java Threads: ( => current thread )
  0x0000023d516a0000 JavaThread "main" [_thread_blocked, id=984, stack(0x000000549f800000,0x000000549f900000)]
  0x0000023d75366800 JavaThread "Reference Handler" daemon [_thread_blocked, id=10696, stack(0x000000549ff00000,0x00000054a0000000)]
  0x0000023d75367800 JavaThread "Finalizer" daemon [_thread_blocked, id=39496, stack(0x00000054a0000000,0x00000054a0100000)]
  0x0000023d75380800 JavaThread "Signal Dispatcher" daemon [_thread_blocked, id=23316, stack(0x00000054a0100000,0x00000054a0200000)]
  0x0000023d75382000 JavaThread "Attach Listener" daemon [_thread_blocked, id=10576, stack(0x00000054a0200000,0x00000054a0300000)]
  0x0000023d75383000 JavaThread "C1 CompilerThread0" daemon [_thread_blocked, id=7424, stack(0x00000054a0300000,0x00000054a0400000)]
  0x0000023d75388000 JavaThread "Sweeper thread" daemon [_thread_blocked, id=24688, stack(0x00000054a0400000,0x00000054a0500000)]
  0x0000023d7550c800 JavaThread "Common-Cleaner" daemon [_thread_blocked, id=9472, stack(0x00000054a0500000,0x00000054a0600000)]
  0x0000023d75b6d800 JavaThread "Monitor Ctrl-Break" daemon [_thread_in_native, id=9660, stack(0x00000054a0600000,0x00000054a0700000)]
  0x0000023d75b75000 JavaThread "Service Thread" daemon [_thread_blocked, id=36200, stack(0x00000054a0700000,0x00000054a0800000)]
  0x0000023d75ccc800 JavaThread "C1 CompilerThread1" daemon [_thread_blocked, id=33072, stack(0x00000054a0800000,0x00000054a0900000)]
  0x0000023d75ccd800 JavaThread "C1 CompilerThread2" daemon [_thread_blocked, id=17788, stack(0x00000054a0900000,0x00000054a0a00000)]
  0x0000023d75d32800 JavaThread "RMI TCP Accept-0" daemon [_thread_in_native, id=25768, stack(0x00000054a0a00000,0x00000054a0b00000)]
  0x0000023d76a40000 JavaThread "Thread-0" [_thread_blocked, id=39248, stack(0x00000054a1200000,0x00000054a1300000)]
  0x0000023d76a8c800 JavaThread "restartedMain" [_thread_blocked, id=28768, stack(0x00000054a1300000,0x00000054a1400000)]
  0x0000023d75b80800 JavaThread "RMI TCP Connection(1)-10.0.0.74" daemon [_thread_in_native, id=37956, stack(0x00000054a1400000,0x00000054a1500000)]
  0x0000023d76f07000 JavaThread "RMI Scheduler(0)" daemon [_thread_blocked, id=27572, stack(0x00000054a1600000,0x00000054a1700000)]
=>0x0000023d77282800 JavaThread "logback-1" daemon [_thread_in_vm, id=29956, stack(0x00000054a1700000,0x00000054a1800000)]

Other Threads:
  0x0000023d7533e000 VMThread "VM Thread" [stack: 0x000000549fe00000,0x000000549ff00000] [id=12652]
  0x0000023d75d0e800 WatcherThread [stack: 0x00000054a0b00000,0x00000054a0c00000] [id=37988]
  0x0000023d516b9000 GCTaskThread "GC Thread#0" [stack: 0x000000549f900000,0x000000549fa00000] [id=31432]
  0x0000023d75fad800 GCTaskThread "GC Thread#1" [stack: 0x00000054a0c00000,0x00000054a0d00000] [id=21660]
  0x0000023d75fae000 GCTaskThread "GC Thread#2" [stack: 0x00000054a0d00000,0x00000054a0e00000] [id=20212]
  0x0000023d769cc000 GCTaskThread "GC Thread#3" [stack: 0x00000054a0e00000,0x00000054a0f00000] [id=28060]
  0x0000023d769cd000 GCTaskThread "GC Thread#4" [stack: 0x00000054a0f00000,0x00000054a1000000] [id=6376]
  0x0000023d769dd800 GCTaskThread "GC Thread#5" [stack: 0x00000054a1000000,0x00000054a1100000] [id=17552]
  0x0000023d51718000 ConcurrentGCThread "G1 Main Marker" [stack: 0x000000549fa00000,0x000000549fb00000] [id=39156]
  0x0000023d51719800 ConcurrentGCThread "G1 Conc#0" [stack: 0x000000549fb00000,0x000000549fc00000] [id=17192]
  0x0000023d76c76800 ConcurrentGCThread "G1 Conc#1" [stack: 0x00000054a1500000,0x00000054a1600000] [id=14072]
  0x0000023d749a5800 ConcurrentGCThread "G1 Refine#0" [stack: 0x000000549fc00000,0x000000549fd00000] [id=28212]
  0x0000023d756ab000 ConcurrentGCThread "G1 Refine#1" [stack: 0x00000054a1100000,0x00000054a1200000] [id=18752]
  0x0000023d749a6800 ConcurrentGCThread "G1 Young RemSet Sampling" [stack: 0x000000549fd00000,0x000000549fe00000] [id=20076]

Threads with active compile tasks:

VM state:synchronizing (normal execution)

VM Mutex/Monitor currently owned by a thread:  ([mutex/lock_event])
[0x0000023d5169e030] Threads_lock - owner thread: 0x0000023d7533e000
[0x0000023d5169faa0] Compile_lock - owner thread: 0x0000023d76a8c800
[0x0000023d5169e270] MethodData_lock - owner thread: 0x0000023d77282800

Heap address: 0x0000000702e00000, size: 4050 MB, Compressed Oops mode: Zero based, Oop shift amount: 3
Narrow klass base: 0x0000000800000000, Narrow klass shift: 0
Compressed class space size: 1073741824 Address: 0x0000000800000000

Heap:
 garbage-first heap   total 260096K, used 106319K [0x0000000702e00000, 0x0000000800000000)
  region size 1024K, 98 young (100352K), 10 survivors (10240K)
 Metaspace       used 40305K, capacity 41618K, committed 41680K, reserved 1085440K
  class space    used 5151K, capacity 5652K, committed 5708K, reserved 1048576K
Heap Regions: E=young(eden), S=young(survivor), O=old, HS=humongous(starts), HC=humongous(continues), CS=collection set, F=free, A=archive, TAMS=top-at-mark-start (previous, next)
|   0|0x0000000702e00000, 0x0000000702f00000, 0x0000000702f00000|100%|HS|  |TAMS 0x0000000702f00000, 0x0000000702e00000| Complete 
|   1|0x0000000702f00000, 0x0000000703000000, 0x0000000703000000|100%| O|  |TAMS 0x0000000703000000, 0x0000000702f00000| Untracked 
|   2|0x0000000703000000, 0x0000000703100000, 0x0000000703100000|100%| O|  |TAMS 0x0000000703100000, 0x0000000703000000| Untracked 
|   3|0x0000000703100000, 0x0000000703200000, 0x0000000703200000|100%| O|  |TAMS 0x0000000703200000, 0x0000000703100000| Untracked 
|   4|0x0000000703200000, 0x0000000703300000, 0x0000000703300000|100%| O|  |TAMS 0x0000000703300000, 0x0000000703200000| Untracked 
|   5|0x0000000703300000, 0x0000000703400000, 0x0000000703400000|100%| O|  |TAMS 0x0000000703400000, 0x0000000703300000| Untracked 
|   6|0x0000000703400000, 0x0000000703500000, 0x0000000703500000|100%| O|  |TAMS 0x0000000703500000, 0x0000000703400000| Untracked 
|   7|0x0000000703500000, 0x0000000703600000, 0x0000000703600000|100%| O|  |TAMS 0x0000000703600000, 0x0000000703500000| Untracked 
|   8|0x0000000703600000, 0x000000070360e600, 0x0000000703700000|  5%| O|  |TAMS 0x000000070360e600, 0x0000000703600000| Untracked 
|   9|0x0000000703700000, 0x0000000703700000, 0x0000000703800000|  0%| F|  |TAMS 0x0000000703700000, 0x0000000703700000| Untracked 
|  10|0x0000000703800000, 0x0000000703800000, 0x0000000703900000|  0%| F|  |TAMS 0x0000000703800000, 0x0000000703800000| Untracked 
|  11|0x0000000703900000, 0x0000000703900000, 0x0000000703a00000|  0%| F|  |TAMS 0x0000000703900000, 0x0000000703900000| Untracked 
|  12|0x0000000703a00000, 0x0000000703a00000, 0x0000000703b00000|  0%| F|  |TAMS 0x0000000703a00000, 0x0000000703a00000| Untracked 
|  13|0x0000000703b00000, 0x0000000703b00000, 0x0000000703c00000|  0%| F|  |TAMS 0x0000000703b00000, 0x0000000703b00000| Untracked 
|  14|0x0000000703c00000, 0x0000000703c00000, 0x0000000703d00000|  0%| F|  |TAMS 0x0000000703c00000, 0x0000000703c00000| Untracked 
|  15|0x0000000703d00000, 0x0000000703d00000, 0x0000000703e00000|  0%| F|  |TAMS 0x0000000703d00000, 0x0000000703d00000| Untracked 
|  16|0x0000000703e00000, 0x0000000703e00000, 0x0000000703f00000|  0%| F|  |TAMS 0x0000000703e00000, 0x0000000703e00000| Untracked 
|  17|0x0000000703f00000, 0x0000000703f00000, 0x0000000704000000|  0%| F|  |TAMS 0x0000000703f00000, 0x0000000703f00000| Untracked 
|  18|0x0000000704000000, 0x0000000704000000, 0x0000000704100000|  0%| F|  |TAMS 0x0000000704000000, 0x0000000704000000| Untracked 
|  19|0x0000000704100000, 0x0000000704100000, 0x0000000704200000|  0%| F|  |TAMS 0x0000000704100000, 0x0000000704100000| Untracked 
|  20|0x0000000704200000, 0x0000000704200000, 0x0000000704300000|  0%| F|  |TAMS 0x0000000704200000, 0x0000000704200000| Untracked 
|  21|0x0000000704300000, 0x0000000704300000, 0x0000000704400000|  0%| F|  |TAMS 0x0000000704300000, 0x0000000704300000| Untracked 
|  22|0x0000000704400000, 0x0000000704400000, 0x0000000704500000|  0%| F|  |TAMS 0x0000000704400000, 0x0000000704400000| Untracked 
|  23|0x0000000704500000, 0x0000000704500000, 0x0000000704600000|  0%| F|  |TAMS 0x0000000704500000, 0x0000000704500000| Untracked 
|  24|0x0000000704600000, 0x0000000704600000, 0x0000000704700000|  0%| F|  |TAMS 0x0000000704600000, 0x0000000704600000| Untracked 
|  25|0x0000000704700000, 0x0000000704700000, 0x0000000704800000|  0%| F|  |TAMS 0x0000000704700000, 0x0000000704700000| Untracked 
|  26|0x0000000704800000, 0x0000000704800000, 0x0000000704900000|  0%| F|  |TAMS 0x0000000704800000, 0x0000000704800000| Untracked 
|  27|0x0000000704900000, 0x0000000704900000, 0x0000000704a00000|  0%| F|  |TAMS 0x0000000704900000, 0x0000000704900000| Untracked 
|  28|0x0000000704a00000, 0x0000000704a00000, 0x0000000704b00000|  0%| F|  |TAMS 0x0000000704a00000, 0x0000000704a00000| Untracked 
|  29|0x0000000704b00000, 0x0000000704b00000, 0x0000000704c00000|  0%| F|  |TAMS 0x0000000704b00000, 0x0000000704b00000| Untracked 
|  30|0x0000000704c00000, 0x0000000704c00000, 0x0000000704d00000|  0%| F|  |TAMS 0x0000000704c00000, 0x0000000704c00000| Untracked 
|  31|0x0000000704d00000, 0x0000000704d00000, 0x0000000704e00000|  0%| F|  |TAMS 0x0000000704d00000, 0x0000000704d00000| Untracked 
|  32|0x0000000704e00000, 0x0000000704e00000, 0x0000000704f00000|  0%| F|  |TAMS 0x0000000704e00000, 0x0000000704e00000| Untracked 
|  33|0x0000000704f00000, 0x0000000704f00000, 0x0000000705000000|  0%| F|  |TAMS 0x0000000704f00000, 0x0000000704f00000| Untracked 
|  34|0x0000000705000000, 0x0000000705000000, 0x0000000705100000|  0%| F|  |TAMS 0x0000000705000000, 0x0000000705000000| Untracked 
|  35|0x0000000705100000, 0x0000000705100000, 0x0000000705200000|  0%| F|  |TAMS 0x0000000705100000, 0x0000000705100000| Untracked 
|  36|0x0000000705200000, 0x0000000705200000, 0x0000000705300000|  0%| F|  |TAMS 0x0000000705200000, 0x0000000705200000| Untracked 
|  37|0x0000000705300000, 0x0000000705300000, 0x0000000705400000|  0%| F|  |TAMS 0x0000000705300000, 0x0000000705300000| Untracked 
|  38|0x0000000705400000, 0x0000000705400000, 0x0000000705500000|  0%| F|  |TAMS 0x0000000705400000, 0x0000000705400000| Untracked 
|  39|0x0000000705500000, 0x0000000705500000, 0x0000000705600000|  0%| F|  |TAMS 0x0000000705500000, 0x0000000705500000| Untracked 
|  40|0x0000000705600000, 0x0000000705600000, 0x0000000705700000|  0%| F|  |TAMS 0x0000000705600000, 0x0000000705600000| Untracked 
|  41|0x0000000705700000, 0x0000000705700000, 0x0000000705800000|  0%| F|  |TAMS 0x0000000705700000, 0x0000000705700000| Untracked 
|  42|0x0000000705800000, 0x0000000705800000, 0x0000000705900000|  0%| F|  |TAMS 0x0000000705800000, 0x0000000705800000| Untracked 
|  43|0x0000000705900000, 0x0000000705900000, 0x0000000705a00000|  0%| F|  |TAMS 0x0000000705900000, 0x0000000705900000| Untracked 
|  44|0x0000000705a00000, 0x0000000705a00000, 0x0000000705b00000|  0%| F|  |TAMS 0x0000000705a00000, 0x0000000705a00000| Untracked 
|  45|0x0000000705b00000, 0x0000000705b00000, 0x0000000705c00000|  0%| F|  |TAMS 0x0000000705b00000, 0x0000000705b00000| Untracked 
|  46|0x0000000705c00000, 0x0000000705c00000, 0x0000000705d00000|  0%| F|  |TAMS 0x0000000705c00000, 0x0000000705c00000| Untracked 
|  47|0x0000000705d00000, 0x0000000705d00000, 0x0000000705e00000|  0%| F|  |TAMS 0x0000000705d00000, 0x0000000705d00000| Untracked 
|  48|0x0000000705e00000, 0x0000000705e00000, 0x0000000705f00000|  0%| F|  |TAMS 0x0000000705e00000, 0x0000000705e00000| Untracked 
|  49|0x0000000705f00000, 0x0000000705f00000, 0x0000000706000000|  0%| F|  |TAMS 0x0000000705f00000, 0x0000000705f00000| Untracked 
|  50|0x0000000706000000, 0x0000000706000000, 0x0000000706100000|  0%| F|  |TAMS 0x0000000706000000, 0x0000000706000000| Untracked 
|  51|0x0000000706100000, 0x0000000706100000, 0x0000000706200000|  0%| F|  |TAMS 0x0000000706100000, 0x0000000706100000| Untracked 
|  52|0x0000000706200000, 0x0000000706200000, 0x0000000706300000|  0%| F|  |TAMS 0x0000000706200000, 0x0000000706200000| Untracked 
|  53|0x0000000706300000, 0x0000000706300000, 0x0000000706400000|  0%| F|  |TAMS 0x0000000706300000, 0x0000000706300000| Untracked 
|  54|0x0000000706400000, 0x0000000706400000, 0x0000000706500000|  0%| F|  |TAMS 0x0000000706400000, 0x0000000706400000| Untracked 
|  55|0x0000000706500000, 0x0000000706500000, 0x0000000706600000|  0%| F|  |TAMS 0x0000000706500000, 0x0000000706500000| Untracked 
|  56|0x0000000706600000, 0x0000000706600000, 0x0000000706700000|  0%| F|  |TAMS 0x0000000706600000, 0x0000000706600000| Untracked 
|  57|0x0000000706700000, 0x0000000706700000, 0x0000000706800000|  0%| F|  |TAMS 0x0000000706700000, 0x0000000706700000| Untracked 
|  58|0x0000000706800000, 0x0000000706800000, 0x0000000706900000|  0%| F|  |TAMS 0x0000000706800000, 0x0000000706800000| Untracked 
|  59|0x0000000706900000, 0x0000000706900000, 0x0000000706a00000|  0%| F|  |TAMS 0x0000000706900000, 0x0000000706900000| Untracked 
|  60|0x0000000706a00000, 0x0000000706a00000, 0x0000000706b00000|  0%| F|  |TAMS 0x0000000706a00000, 0x0000000706a00000| Untracked 
|  61|0x0000000706b00000, 0x0000000706b00000, 0x0000000706c00000|  0%| F|  |TAMS 0x0000000706b00000, 0x0000000706b00000| Untracked 
|  62|0x0000000706c00000, 0x0000000706c00000, 0x0000000706d00000|  0%| F|  |TAMS 0x0000000706c00000, 0x0000000706c00000| Untracked 
|  63|0x0000000706d00000, 0x0000000706d00000, 0x0000000706e00000|  0%| F|  |TAMS 0x0000000706d00000, 0x0000000706d00000| Untracked 
|  64|0x0000000706e00000, 0x0000000706e00000, 0x0000000706f00000|  0%| F|  |TAMS 0x0000000706e00000, 0x0000000706e00000| Untracked 
|  65|0x0000000706f00000, 0x0000000706f00000, 0x0000000707000000|  0%| F|  |TAMS 0x0000000706f00000, 0x0000000706f00000| Untracked 
|  66|0x0000000707000000, 0x0000000707000000, 0x0000000707100000|  0%| F|  |TAMS 0x0000000707000000, 0x0000000707000000| Untracked 
|  67|0x0000000707100000, 0x0000000707100000, 0x0000000707200000|  0%| F|  |TAMS 0x0000000707100000, 0x0000000707100000| Untracked 
|  68|0x0000000707200000, 0x0000000707200000, 0x0000000707300000|  0%| F|  |TAMS 0x0000000707200000, 0x0000000707200000| Untracked 
|  69|0x0000000707300000, 0x0000000707300000, 0x0000000707400000|  0%| F|  |TAMS 0x0000000707300000, 0x0000000707300000| Untracked 
|  70|0x0000000707400000, 0x0000000707400000, 0x0000000707500000|  0%| F|  |TAMS 0x0000000707400000, 0x0000000707400000| Untracked 
|  71|0x0000000707500000, 0x0000000707500000, 0x0000000707600000|  0%| F|  |TAMS 0x0000000707500000, 0x0000000707500000| Untracked 
|  72|0x0000000707600000, 0x0000000707600000, 0x0000000707700000|  0%| F|  |TAMS 0x0000000707600000, 0x0000000707600000| Untracked 
|  73|0x0000000707700000, 0x0000000707700000, 0x0000000707800000|  0%| F|  |TAMS 0x0000000707700000, 0x0000000707700000| Untracked 
|  74|0x0000000707800000, 0x0000000707800000, 0x0000000707900000|  0%| F|  |TAMS 0x0000000707800000, 0x0000000707800000| Untracked 
|  75|0x0000000707900000, 0x0000000707900000, 0x0000000707a00000|  0%| F|  |TAMS 0x0000000707900000, 0x0000000707900000| Untracked 
|  76|0x0000000707a00000, 0x0000000707a00000, 0x0000000707b00000|  0%| F|  |TAMS 0x0000000707a00000, 0x0000000707a00000| Untracked 
|  77|0x0000000707b00000, 0x0000000707b00000, 0x0000000707c00000|  0%| F|  |TAMS 0x0000000707b00000, 0x0000000707b00000| Untracked 
|  78|0x0000000707c00000, 0x0000000707c00000, 0x0000000707d00000|  0%| F|  |TAMS 0x0000000707c00000, 0x0000000707c00000| Untracked 
|  79|0x0000000707d00000, 0x0000000707d00000, 0x0000000707e00000|  0%| F|  |TAMS 0x0000000707d00000, 0x0000000707d00000| Untracked 
|  80|0x0000000707e00000, 0x0000000707e00000, 0x0000000707f00000|  0%| F|  |TAMS 0x0000000707e00000, 0x0000000707e00000| Untracked 
|  81|0x0000000707f00000, 0x0000000707f00000, 0x0000000708000000|  0%| F|  |TAMS 0x0000000707f00000, 0x0000000707f00000| Untracked 
|  82|0x0000000708000000, 0x0000000708000000, 0x0000000708100000|  0%| F|  |TAMS 0x0000000708000000, 0x0000000708000000| Untracked 
|  83|0x0000000708100000, 0x0000000708100000, 0x0000000708200000|  0%| F|  |TAMS 0x0000000708100000, 0x0000000708100000| Untracked 
|  84|0x0000000708200000, 0x0000000708200000, 0x0000000708300000|  0%| F|  |TAMS 0x0000000708200000, 0x0000000708200000| Untracked 
|  85|0x0000000708300000, 0x0000000708300000, 0x0000000708400000|  0%| F|  |TAMS 0x0000000708300000, 0x0000000708300000| Untracked 
|  86|0x0000000708400000, 0x0000000708400000, 0x0000000708500000|  0%| F|  |TAMS 0x0000000708400000, 0x0000000708400000| Untracked 
|  87|0x0000000708500000, 0x0000000708500000, 0x0000000708600000|  0%| F|  |TAMS 0x0000000708500000, 0x0000000708500000| Untracked 
|  88|0x0000000708600000, 0x0000000708600000, 0x0000000708700000|  0%| F|  |TAMS 0x0000000708600000, 0x0000000708600000| Untracked 
|  89|0x0000000708700000, 0x0000000708700000, 0x0000000708800000|  0%| F|  |TAMS 0x0000000708700000, 0x0000000708700000| Untracked 
|  90|0x0000000708800000, 0x0000000708800000, 0x0000000708900000|  0%| F|  |TAMS 0x0000000708800000, 0x0000000708800000| Untracked 
|  91|0x0000000708900000, 0x0000000708900000, 0x0000000708a00000|  0%| F|  |TAMS 0x0000000708900000, 0x0000000708900000| Untracked 
|  92|0x0000000708a00000, 0x0000000708a00000, 0x0000000708b00000|  0%| F|  |TAMS 0x0000000708a00000, 0x0000000708a00000| Untracked 
|  93|0x0000000708b00000, 0x0000000708b00000, 0x0000000708c00000|  0%| F|  |TAMS 0x0000000708b00000, 0x0000000708b00000| Untracked 
|  94|0x0000000708c00000, 0x0000000708c00000, 0x0000000708d00000|  0%| F|  |TAMS 0x0000000708c00000, 0x0000000708c00000| Untracked 
|  95|0x0000000708d00000, 0x0000000708d00000, 0x0000000708e00000|  0%| F|  |TAMS 0x0000000708d00000, 0x0000000708d00000| Untracked 
|  96|0x0000000708e00000, 0x0000000708e00000, 0x0000000708f00000|  0%| F|  |TAMS 0x0000000708e00000, 0x0000000708e00000| Untracked 
|  97|0x0000000708f00000, 0x0000000708f00000, 0x0000000709000000|  0%| F|  |TAMS 0x0000000708f00000, 0x0000000708f00000| Untracked 
|  98|0x0000000709000000, 0x0000000709000000, 0x0000000709100000|  0%| F|  |TAMS 0x0000000709000000, 0x0000000709000000| Untracked 
|  99|0x0000000709100000, 0x0000000709100000, 0x0000000709200000|  0%| F|  |TAMS 0x0000000709100000, 0x0000000709100000| Untracked 
| 100|0x0000000709200000, 0x0000000709200000, 0x0000000709300000|  0%| F|  |TAMS 0x0000000709200000, 0x0000000709200000| Untracked 
| 101|0x0000000709300000, 0x0000000709300000, 0x0000000709400000|  0%| F|  |TAMS 0x0000000709300000, 0x0000000709300000| Untracked 
| 102|0x0000000709400000, 0x0000000709400000, 0x0000000709500000|  0%| F|  |TAMS 0x0000000709400000, 0x0000000709400000| Untracked 
| 103|0x0000000709500000, 0x0000000709500000, 0x0000000709600000|  0%| F|  |TAMS 0x0000000709500000, 0x0000000709500000| Untracked 
| 104|0x0000000709600000, 0x0000000709600000, 0x0000000709700000|  0%| F|  |TAMS 0x0000000709600000, 0x0000000709600000| Untracked 
| 105|0x0000000709700000, 0x0000000709700000, 0x0000000709800000|  0%| F|  |TAMS 0x0000000709700000, 0x0000000709700000| Untracked 
| 106|0x0000000709800000, 0x0000000709800000, 0x0000000709900000|  0%| F|  |TAMS 0x0000000709800000, 0x0000000709800000| Untracked 
| 107|0x0000000709900000, 0x0000000709900000, 0x0000000709a00000|  0%| F|  |TAMS 0x0000000709900000, 0x0000000709900000| Untracked 
| 108|0x0000000709a00000, 0x0000000709a00000, 0x0000000709b00000|  0%| F|  |TAMS 0x0000000709a00000, 0x0000000709a00000| Untracked 
| 109|0x0000000709b00000, 0x0000000709b00000, 0x0000000709c00000|  0%| F|  |TAMS 0x0000000709b00000, 0x0000000709b00000| Untracked 
| 110|0x0000000709c00000, 0x0000000709c00000, 0x0000000709d00000|  0%| F|  |TAMS 0x0000000709c00000, 0x0000000709c00000| Untracked 
| 111|0x0000000709d00000, 0x0000000709d00000, 0x0000000709e00000|  0%| F|  |TAMS 0x0000000709d00000, 0x0000000709d00000| Untracked 
| 112|0x0000000709e00000, 0x0000000709e00000, 0x0000000709f00000|  0%| F|  |TAMS 0x0000000709e00000, 0x0000000709e00000| Untracked 
| 113|0x0000000709f00000, 0x0000000709f00000, 0x000000070a000000|  0%| F|  |TAMS 0x0000000709f00000, 0x0000000709f00000| Untracked 
| 114|0x000000070a000000, 0x000000070a000000, 0x000000070a100000|  0%| F|  |TAMS 0x000000070a000000, 0x000000070a000000| Untracked 
| 115|0x000000070a100000, 0x000000070a100000, 0x000000070a200000|  0%| F|  |TAMS 0x000000070a100000, 0x000000070a100000| Untracked 
| 116|0x000000070a200000, 0x000000070a200000, 0x000000070a300000|  0%| F|  |TAMS 0x000000070a200000, 0x000000070a200000| Untracked 
| 117|0x000000070a300000, 0x000000070a300000, 0x000000070a400000|  0%| F|  |TAMS 0x000000070a300000, 0x000000070a300000| Untracked 
| 118|0x000000070a400000, 0x000000070a400000, 0x000000070a500000|  0%| F|  |TAMS 0x000000070a400000, 0x000000070a400000| Untracked 
| 119|0x000000070a500000, 0x000000070a500000, 0x000000070a600000|  0%| F|  |TAMS 0x000000070a500000, 0x000000070a500000| Untracked 
| 120|0x000000070a600000, 0x000000070a600000, 0x000000070a700000|  0%| F|  |TAMS 0x000000070a600000, 0x000000070a600000| Untracked 
| 121|0x000000070a700000, 0x000000070a700000, 0x000000070a800000|  0%| F|  |TAMS 0x000000070a700000, 0x000000070a700000| Untracked 
| 122|0x000000070a800000, 0x000000070a800000, 0x000000070a900000|  0%| F|  |TAMS 0x000000070a800000, 0x000000070a800000| Untracked 
| 123|0x000000070a900000, 0x000000070a900000, 0x000000070aa00000|  0%| F|  |TAMS 0x000000070a900000, 0x000000070a900000| Untracked 
| 124|0x000000070aa00000, 0x000000070aa00000, 0x000000070ab00000|  0%| F|  |TAMS 0x000000070aa00000, 0x000000070aa00000| Untracked 
| 125|0x000000070ab00000, 0x000000070ab00000, 0x000000070ac00000|  0%| F|  |TAMS 0x000000070ab00000, 0x000000070ab00000| Untracked 
| 126|0x000000070ac00000, 0x000000070ac00000, 0x000000070ad00000|  0%| F|  |TAMS 0x000000070ac00000, 0x000000070ac00000| Untracked 
| 127|0x000000070ad00000, 0x000000070ad00000, 0x000000070ae00000|  0%| F|  |TAMS 0x000000070ad00000, 0x000000070ad00000| Untracked 
| 128|0x000000070ae00000, 0x000000070ae00000, 0x000000070af00000|  0%| F|  |TAMS 0x000000070ae00000, 0x000000070ae00000| Untracked 
| 129|0x000000070af00000, 0x000000070af00000, 0x000000070b000000|  0%| F|  |TAMS 0x000000070af00000, 0x000000070af00000| Untracked 
| 130|0x000000070b000000, 0x000000070b000000, 0x000000070b100000|  0%| F|  |TAMS 0x000000070b000000, 0x000000070b000000| Untracked 
| 131|0x000000070b100000, 0x000000070b100000, 0x000000070b200000|  0%| F|  |TAMS 0x000000070b100000, 0x000000070b100000| Untracked 
| 132|0x000000070b200000, 0x000000070b200000, 0x000000070b300000|  0%| F|  |TAMS 0x000000070b200000, 0x000000070b200000| Untracked 
| 133|0x000000070b300000, 0x000000070b300000, 0x000000070b400000|  0%| F|  |TAMS 0x000000070b300000, 0x000000070b300000| Untracked 
| 134|0x000000070b400000, 0x000000070b400000, 0x000000070b500000|  0%| F|  |TAMS 0x000000070b400000, 0x000000070b400000| Untracked 
| 135|0x000000070b500000, 0x000000070b500000, 0x000000070b600000|  0%| F|  |TAMS 0x000000070b500000, 0x000000070b500000| Untracked 
| 136|0x000000070b600000, 0x000000070b600000, 0x000000070b700000|  0%| F|  |TAMS 0x000000070b600000, 0x000000070b600000| Untracked 
| 137|0x000000070b700000, 0x000000070b700000, 0x000000070b800000|  0%| F|  |TAMS 0x000000070b700000, 0x000000070b700000| Untracked 
| 138|0x000000070b800000, 0x000000070b800000, 0x000000070b900000|  0%| F|  |TAMS 0x000000070b800000, 0x000000070b800000| Untracked 
| 139|0x000000070b900000, 0x000000070b9c58c8, 0x000000070ba00000| 77%| S|CS|TAMS 0x000000070b900000, 0x000000070b900000| Complete 
| 140|0x000000070ba00000, 0x000000070bb00000, 0x000000070bb00000|100%| S|CS|TAMS 0x000000070ba00000, 0x000000070ba00000| Complete 
| 141|0x000000070bb00000, 0x000000070bc00000, 0x000000070bc00000|100%| S|CS|TAMS 0x000000070bb00000, 0x000000070bb00000| Complete 
| 142|0x000000070bc00000, 0x000000070bd00000, 0x000000070bd00000|100%| S|CS|TAMS 0x000000070bc00000, 0x000000070bc00000| Complete 
| 143|0x000000070bd00000, 0x000000070be00000, 0x000000070be00000|100%| S|CS|TAMS 0x000000070bd00000, 0x000000070bd00000| Complete 
| 144|0x000000070be00000, 0x000000070bf00000, 0x000000070bf00000|100%| S|CS|TAMS 0x000000070be00000, 0x000000070be00000| Complete 
| 145|0x000000070bf00000, 0x000000070c000000, 0x000000070c000000|100%| S|CS|TAMS 0x000000070bf00000, 0x000000070bf00000| Complete 
| 146|0x000000070c000000, 0x000000070c100000, 0x000000070c100000|100%| S|CS|TAMS 0x000000070c000000, 0x000000070c000000| Complete 
| 147|0x000000070c100000, 0x000000070c200000, 0x000000070c200000|100%| S|CS|TAMS 0x000000070c100000, 0x000000070c100000| Complete 
| 148|0x000000070c200000, 0x000000070c300000, 0x000000070c300000|100%| S|CS|TAMS 0x000000070c200000, 0x000000070c200000| Complete 
| 149|0x000000070c300000, 0x000000070c300000, 0x000000070c400000|  0%| F|  |TAMS 0x000000070c300000, 0x000000070c300000| Untracked 
| 150|0x000000070c400000, 0x000000070c400000, 0x000000070c500000|  0%| F|  |TAMS 0x000000070c400000, 0x000000070c400000| Untracked 
| 151|0x000000070c500000, 0x000000070c500000, 0x000000070c600000|  0%| F|  |TAMS 0x000000070c500000, 0x000000070c500000| Untracked 
| 152|0x000000070c600000, 0x000000070c600000, 0x000000070c700000|  0%| F|  |TAMS 0x000000070c600000, 0x000000070c600000| Untracked 
| 153|0x000000070c700000, 0x000000070c700000, 0x000000070c800000|  0%| F|  |TAMS 0x000000070c700000, 0x000000070c700000| Untracked 
| 154|0x000000070c800000, 0x000000070c800000, 0x000000070c900000|  0%| F|  |TAMS 0x000000070c800000, 0x000000070c800000| Untracked 
| 155|0x000000070c900000, 0x000000070c900000, 0x000000070ca00000|  0%| F|  |TAMS 0x000000070c900000, 0x000000070c900000| Untracked 
| 156|0x000000070ca00000, 0x000000070ca00000, 0x000000070cb00000|  0%| F|  |TAMS 0x000000070ca00000, 0x000000070ca00000| Untracked 
| 157|0x000000070cb00000, 0x000000070cb00000, 0x000000070cc00000|  0%| F|  |TAMS 0x000000070cb00000, 0x000000070cb00000| Untracked 
| 158|0x000000070cc00000, 0x000000070cc00000, 0x000000070cd00000|  0%| F|  |TAMS 0x000000070cc00000, 0x000000070cc00000| Untracked 
| 159|0x000000070cd00000, 0x000000070cd00000, 0x000000070ce00000|  0%| F|  |TAMS 0x000000070cd00000, 0x000000070cd00000| Untracked 
| 160|0x000000070ce00000, 0x000000070ce00000, 0x000000070cf00000|  0%| F|  |TAMS 0x000000070ce00000, 0x000000070ce00000| Untracked 
| 161|0x000000070cf00000, 0x000000070cf00000, 0x000000070d000000|  0%| F|  |TAMS 0x000000070cf00000, 0x000000070cf00000| Untracked 
| 162|0x000000070d000000, 0x000000070d000000, 0x000000070d100000|  0%| F|  |TAMS 0x000000070d000000, 0x000000070d000000| Untracked 
| 163|0x000000070d100000, 0x000000070d100000, 0x000000070d200000|  0%| F|  |TAMS 0x000000070d100000, 0x000000070d100000| Untracked 
| 164|0x000000070d200000, 0x000000070d200000, 0x000000070d300000|  0%| F|  |TAMS 0x000000070d200000, 0x000000070d200000| Untracked 
| 165|0x000000070d300000, 0x000000070d300000, 0x000000070d400000|  0%| F|  |TAMS 0x000000070d300000, 0x000000070d300000| Untracked 
| 166|0x000000070d400000, 0x000000070d4f73e0, 0x000000070d500000| 96%| E|  |TAMS 0x000000070d400000, 0x000000070d400000| Complete 
| 167|0x000000070d500000, 0x000000070d600000, 0x000000070d600000|100%| E|CS|TAMS 0x000000070d500000, 0x000000070d500000| Complete 
| 168|0x000000070d600000, 0x000000070d700000, 0x000000070d700000|100%| E|CS|TAMS 0x000000070d600000, 0x000000070d600000| Complete 
| 169|0x000000070d700000, 0x000000070d800000, 0x000000070d800000|100%| E|CS|TAMS 0x000000070d700000, 0x000000070d700000| Complete 
| 170|0x000000070d800000, 0x000000070d900000, 0x000000070d900000|100%| E|CS|TAMS 0x000000070d800000, 0x000000070d800000| Complete 
| 171|0x000000070d900000, 0x000000070da00000, 0x000000070da00000|100%| E|CS|TAMS 0x000000070d900000, 0x000000070d900000| Complete 
| 172|0x000000070da00000, 0x000000070db00000, 0x000000070db00000|100%| E|CS|TAMS 0x000000070da00000, 0x000000070da00000| Complete 
| 173|0x000000070db00000, 0x000000070dc00000, 0x000000070dc00000|100%| E|CS|TAMS 0x000000070db00000, 0x000000070db00000| Complete 
| 174|0x000000070dc00000, 0x000000070dd00000, 0x000000070dd00000|100%| E|CS|TAMS 0x000000070dc00000, 0x000000070dc00000| Complete 
| 175|0x000000070dd00000, 0x000000070de00000, 0x000000070de00000|100%| E|CS|TAMS 0x000000070dd00000, 0x000000070dd00000| Complete 
| 176|0x000000070de00000, 0x000000070df00000, 0x000000070df00000|100%| E|CS|TAMS 0x000000070de00000, 0x000000070de00000| Complete 
| 177|0x000000070df00000, 0x000000070e000000, 0x000000070e000000|100%| E|CS|TAMS 0x000000070df00000, 0x000000070df00000| Complete 
| 178|0x000000070e000000, 0x000000070e100000, 0x000000070e100000|100%| E|CS|TAMS 0x000000070e000000, 0x000000070e000000| Complete 
| 179|0x000000070e100000, 0x000000070e200000, 0x000000070e200000|100%| E|  |TAMS 0x000000070e100000, 0x000000070e100000| Complete 
| 180|0x000000070e200000, 0x000000070e300000, 0x000000070e300000|100%| E|CS|TAMS 0x000000070e200000, 0x000000070e200000| Complete 
| 181|0x000000070e300000, 0x000000070e400000, 0x000000070e400000|100%| E|CS|TAMS 0x000000070e300000, 0x000000070e300000| Complete 
| 182|0x000000070e400000, 0x000000070e500000, 0x000000070e500000|100%| E|CS|TAMS 0x000000070e400000, 0x000000070e400000| Complete 
| 183|0x000000070e500000, 0x000000070e600000, 0x000000070e600000|100%| E|CS|TAMS 0x000000070e500000, 0x000000070e500000| Complete 
| 184|0x000000070e600000, 0x000000070e700000, 0x000000070e700000|100%| E|CS|TAMS 0x000000070e600000, 0x000000070e600000| Complete 
| 185|0x000000070e700000, 0x000000070e800000, 0x000000070e800000|100%| E|CS|TAMS 0x000000070e700000, 0x000000070e700000| Complete 
| 186|0x000000070e800000, 0x000000070e900000, 0x000000070e900000|100%| E|CS|TAMS 0x000000070e800000, 0x000000070e800000| Complete 
| 187|0x000000070e900000, 0x000000070ea00000, 0x000000070ea00000|100%| E|CS|TAMS 0x000000070e900000, 0x000000070e900000| Complete 
| 188|0x000000070ea00000, 0x000000070eb00000, 0x000000070eb00000|100%| E|CS|TAMS 0x000000070ea00000, 0x000000070ea00000| Complete 
| 189|0x000000070eb00000, 0x000000070ec00000, 0x000000070ec00000|100%| E|CS|TAMS 0x000000070eb00000, 0x000000070eb00000| Complete 
| 190|0x000000070ec00000, 0x000000070ed00000, 0x000000070ed00000|100%| E|CS|TAMS 0x000000070ec00000, 0x000000070ec00000| Complete 
| 191|0x000000070ed00000, 0x000000070ee00000, 0x000000070ee00000|100%| E|CS|TAMS 0x000000070ed00000, 0x000000070ed00000| Complete 
| 192|0x000000070ee00000, 0x000000070ef00000, 0x000000070ef00000|100%| E|CS|TAMS 0x000000070ee00000, 0x000000070ee00000| Complete 
| 193|0x000000070ef00000, 0x000000070f000000, 0x000000070f000000|100%| E|CS|TAMS 0x000000070ef00000, 0x000000070ef00000| Complete 
| 194|0x000000070f000000, 0x000000070f100000, 0x000000070f100000|100%| E|CS|TAMS 0x000000070f000000, 0x000000070f000000| Complete 
| 195|0x000000070f100000, 0x000000070f200000, 0x000000070f200000|100%| E|CS|TAMS 0x000000070f100000, 0x000000070f100000| Complete 
| 196|0x000000070f200000, 0x000000070f300000, 0x000000070f300000|100%| E|CS|TAMS 0x000000070f200000, 0x000000070f200000| Complete 
| 197|0x000000070f300000, 0x000000070f400000, 0x000000070f400000|100%| E|CS|TAMS 0x000000070f300000, 0x000000070f300000| Complete 
| 198|0x000000070f400000, 0x000000070f500000, 0x000000070f500000|100%| E|CS|TAMS 0x000000070f400000, 0x000000070f400000| Complete 
| 199|0x000000070f500000, 0x000000070f600000, 0x000000070f600000|100%| E|CS|TAMS 0x000000070f500000, 0x000000070f500000| Complete 
| 200|0x000000070f600000, 0x000000070f700000, 0x000000070f700000|100%| E|CS|TAMS 0x000000070f600000, 0x000000070f600000| Complete 
| 201|0x000000070f700000, 0x000000070f800000, 0x000000070f800000|100%| E|CS|TAMS 0x000000070f700000, 0x000000070f700000| Complete 
| 202|0x000000070f800000, 0x000000070f900000, 0x000000070f900000|100%| E|CS|TAMS 0x000000070f800000, 0x000000070f800000| Complete 
| 203|0x000000070f900000, 0x000000070fa00000, 0x000000070fa00000|100%| E|CS|TAMS 0x000000070f900000, 0x000000070f900000| Complete 
| 204|0x000000070fa00000, 0x000000070fb00000, 0x000000070fb00000|100%| E|CS|TAMS 0x000000070fa00000, 0x000000070fa00000| Complete 
| 205|0x000000070fb00000, 0x000000070fc00000, 0x000000070fc00000|100%| E|CS|TAMS 0x000000070fb00000, 0x000000070fb00000| Complete 
| 206|0x000000070fc00000, 0x000000070fd00000, 0x000000070fd00000|100%| E|CS|TAMS 0x000000070fc00000, 0x000000070fc00000| Complete 
| 207|0x000000070fd00000, 0x000000070fe00000, 0x000000070fe00000|100%| E|CS|TAMS 0x000000070fd00000, 0x000000070fd00000| Complete 
| 208|0x000000070fe00000, 0x000000070ff00000, 0x000000070ff00000|100%| E|CS|TAMS 0x000000070fe00000, 0x000000070fe00000| Complete 
| 209|0x000000070ff00000, 0x0000000710000000, 0x0000000710000000|100%| E|CS|TAMS 0x000000070ff00000, 0x000000070ff00000| Complete 
| 210|0x0000000710000000, 0x0000000710100000, 0x0000000710100000|100%| E|CS|TAMS 0x0000000710000000, 0x0000000710000000| Complete 
| 211|0x0000000710100000, 0x0000000710200000, 0x0000000710200000|100%| E|CS|TAMS 0x0000000710100000, 0x0000000710100000| Complete 
| 212|0x0000000710200000, 0x0000000710300000, 0x0000000710300000|100%| E|CS|TAMS 0x0000000710200000, 0x0000000710200000| Complete 
| 213|0x0000000710300000, 0x0000000710400000, 0x0000000710400000|100%| E|CS|TAMS 0x0000000710300000, 0x0000000710300000| Complete 
| 214|0x0000000710400000, 0x0000000710500000, 0x0000000710500000|100%| E|CS|TAMS 0x0000000710400000, 0x0000000710400000| Complete 
| 215|0x0000000710500000, 0x0000000710600000, 0x0000000710600000|100%| E|CS|TAMS 0x0000000710500000, 0x0000000710500000| Complete 
| 216|0x0000000710600000, 0x0000000710700000, 0x0000000710700000|100%| E|CS|TAMS 0x0000000710600000, 0x0000000710600000| Complete 
| 217|0x0000000710700000, 0x0000000710800000, 0x0000000710800000|100%| E|CS|TAMS 0x0000000710700000, 0x0000000710700000| Complete 
| 218|0x0000000710800000, 0x0000000710900000, 0x0000000710900000|100%| E|CS|TAMS 0x0000000710800000, 0x0000000710800000| Complete 
| 219|0x0000000710900000, 0x0000000710a00000, 0x0000000710a00000|100%| E|CS|TAMS 0x0000000710900000, 0x0000000710900000| Complete 
| 220|0x0000000710a00000, 0x0000000710b00000, 0x0000000710b00000|100%| E|CS|TAMS 0x0000000710a00000, 0x0000000710a00000| Complete 
| 221|0x0000000710b00000, 0x0000000710c00000, 0x0000000710c00000|100%| E|CS|TAMS 0x0000000710b00000, 0x0000000710b00000| Complete 
| 222|0x0000000710c00000, 0x0000000710d00000, 0x0000000710d00000|100%| E|CS|TAMS 0x0000000710c00000, 0x0000000710c00000| Complete 
| 223|0x0000000710d00000, 0x0000000710e00000, 0x0000000710e00000|100%| E|CS|TAMS 0x0000000710d00000, 0x0000000710d00000| Complete 
| 224|0x0000000710e00000, 0x0000000710f00000, 0x0000000710f00000|100%| E|CS|TAMS 0x0000000710e00000, 0x0000000710e00000| Complete 
| 225|0x0000000710f00000, 0x0000000711000000, 0x0000000711000000|100%| E|CS|TAMS 0x0000000710f00000, 0x0000000710f00000| Complete 
| 226|0x0000000711000000, 0x0000000711100000, 0x0000000711100000|100%| E|CS|TAMS 0x0000000711000000, 0x0000000711000000| Complete 
| 227|0x0000000711100000, 0x0000000711200000, 0x0000000711200000|100%| E|CS|TAMS 0x0000000711100000, 0x0000000711100000| Complete 
| 228|0x0000000711200000, 0x0000000711300000, 0x0000000711300000|100%| E|CS|TAMS 0x0000000711200000, 0x0000000711200000| Complete 
| 229|0x0000000711300000, 0x0000000711400000, 0x0000000711400000|100%| E|CS|TAMS 0x0000000711300000, 0x0000000711300000| Complete 
| 230|0x0000000711400000, 0x0000000711500000, 0x0000000711500000|100%| E|CS|TAMS 0x0000000711400000, 0x0000000711400000| Complete 
| 231|0x0000000711500000, 0x0000000711600000, 0x0000000711600000|100%| E|CS|TAMS 0x0000000711500000, 0x0000000711500000| Complete 
| 232|0x0000000711600000, 0x0000000711700000, 0x0000000711700000|100%| E|CS|TAMS 0x0000000711600000, 0x0000000711600000| Complete 
| 233|0x0000000711700000, 0x0000000711800000, 0x0000000711800000|100%| E|CS|TAMS 0x0000000711700000, 0x0000000711700000| Complete 
| 234|0x0000000711800000, 0x0000000711900000, 0x0000000711900000|100%| E|CS|TAMS 0x0000000711800000, 0x0000000711800000| Complete 
| 235|0x0000000711900000, 0x0000000711a00000, 0x0000000711a00000|100%| E|CS|TAMS 0x0000000711900000, 0x0000000711900000| Complete 
| 236|0x0000000711a00000, 0x0000000711b00000, 0x0000000711b00000|100%| E|CS|TAMS 0x0000000711a00000, 0x0000000711a00000| Complete 
| 237|0x0000000711b00000, 0x0000000711c00000, 0x0000000711c00000|100%| E|CS|TAMS 0x0000000711b00000, 0x0000000711b00000| Complete 
| 238|0x0000000711c00000, 0x0000000711d00000, 0x0000000711d00000|100%| E|CS|TAMS 0x0000000711c00000, 0x0000000711c00000| Complete 
| 239|0x0000000711d00000, 0x0000000711e00000, 0x0000000711e00000|100%| E|CS|TAMS 0x0000000711d00000, 0x0000000711d00000| Complete 
| 240|0x0000000711e00000, 0x0000000711f00000, 0x0000000711f00000|100%| E|CS|TAMS 0x0000000711e00000, 0x0000000711e00000| Complete 
| 241|0x0000000711f00000, 0x0000000712000000, 0x0000000712000000|100%| E|CS|TAMS 0x0000000711f00000, 0x0000000711f00000| Complete 
| 242|0x0000000712000000, 0x0000000712100000, 0x0000000712100000|100%| E|CS|TAMS 0x0000000712000000, 0x0000000712000000| Complete 
| 243|0x0000000712100000, 0x0000000712200000, 0x0000000712200000|100%| E|CS|TAMS 0x0000000712100000, 0x0000000712100000| Complete 
| 244|0x0000000712200000, 0x0000000712300000, 0x0000000712300000|100%| E|CS|TAMS 0x0000000712200000, 0x0000000712200000| Complete 
| 245|0x0000000712300000, 0x0000000712400000, 0x0000000712400000|100%| E|CS|TAMS 0x0000000712300000, 0x0000000712300000| Complete 
| 246|0x0000000712400000, 0x0000000712500000, 0x0000000712500000|100%| E|CS|TAMS 0x0000000712400000, 0x0000000712400000| Complete 
| 247|0x0000000712500000, 0x0000000712600000, 0x0000000712600000|100%| E|CS|TAMS 0x0000000712500000, 0x0000000712500000| Complete 
| 248|0x0000000712600000, 0x0000000712700000, 0x0000000712700000|100%| E|CS|TAMS 0x0000000712600000, 0x0000000712600000| Complete 
| 249|0x0000000712700000, 0x0000000712800000, 0x0000000712800000|100%| E|CS|TAMS 0x0000000712700000, 0x0000000712700000| Complete 
| 250|0x0000000712800000, 0x0000000712900000, 0x0000000712900000|100%| E|CS|TAMS 0x0000000712800000, 0x0000000712800000| Complete 
| 251|0x0000000712900000, 0x0000000712a00000, 0x0000000712a00000|100%| E|CS|TAMS 0x0000000712900000, 0x0000000712900000| Complete 
| 252|0x0000000712a00000, 0x0000000712b00000, 0x0000000712b00000|100%| E|CS|TAMS 0x0000000712a00000, 0x0000000712a00000| Complete 
| 253|0x0000000712b00000, 0x0000000712c00000, 0x0000000712c00000|100%| E|CS|TAMS 0x0000000712b00000, 0x0000000712b00000| Complete 

Card table byte_map: [0x0000023d692c0000,0x0000023d69ab0000] _byte_map_base: 0x0000023d65aa9000

Marking Bits (Prev, Next): (CMBitMap*) 0x0000023d517079a8, (CMBitMap*) 0x0000023d517079e0
 Prev Bits: [0x0000023d6a2a0000, 0x0000023d6e1e8000)
 Next Bits: [0x0000023d6e1f0000, 0x0000023d72138000)

Polling page: 0x0000023d4f640000

Metaspace:

Usage:
  Non-class:     35.12 MB capacity,    34.33 MB ( 98%) used,   669.18 KB (  2%) free+waste,   142.81 KB ( <1%) overhead. 
      Class:      5.52 MB capacity,     5.03 MB ( 91%) used,   430.22 KB (  8%) free+waste,    70.63 KB (  1%) overhead. 
       Both:     40.64 MB capacity,    39.36 MB ( 97%) used,     1.07 MB (  3%) free+waste,   213.44 KB ( <1%) overhead. 

Virtual space:
  Non-class space:       36.00 MB reserved,      35.13 MB ( 98%) committed 
      Class space:        1.00 GB reserved,       5.57 MB ( <1%) committed 
             Both:        1.04 GB reserved,      40.70 MB (  4%) committed 

Chunk freelists:
   Non-Class:  768 bytes
       Class:  1.50 KB
        Both:  2.25 KB

CodeHeap 'non-profiled nmethods': size=238912Kb used=7573Kb max_used=7573Kb free=231338Kb
 bounds [0x0000023d5a070000, 0x0000023d5a7e0000, 0x0000023d689c0000]
CodeHeap 'non-nmethods': size=6848Kb used=2303Kb max_used=2303Kb free=4544Kb
 bounds [0x0000023d599c0000, 0x0000023d59c30000, 0x0000023d5a070000]
 total_blobs=4905 nmethods=4383 adapters=429
 compilation: enabled
              stopped_count=0, restarted_count=0
 full_count=0

Compilation events (10 events):
Event: 3.263 Thread 0x0000023d75383000 nmethod 4373 0x0000023d5a7be190 code [0x0000023d5a7be360, 0x0000023d5a7be5c0]
Event: 3.263 Thread 0x0000023d75383000 4374       1       java.lang.String::matches (6 bytes)
Event: 3.263 Thread 0x0000023d75383000 nmethod 4374 0x0000023d5a7be710 code [0x0000023d5a7be8e0, 0x0000023d5a7beaf0]
Event: 3.263 Thread 0x0000023d75383000 4375       1       java.util.regex.Pattern::matches (16 bytes)
Event: 3.264 Thread 0x0000023d75383000 nmethod 4375 0x0000023d5a7bec10 code [0x0000023d5a7bede0, 0x0000023d5a7befd0]
Event: 3.264 Thread 0x0000023d75383000 4376       1       ch.qos.logback.core.rolling.helper.FileFilterUtil$3::accept (9 bytes)
Event: 3.264 Thread 0x0000023d75383000 nmethod 4376 0x0000023d5a7bf110 code [0x0000023d5a7bf2e0, 0x0000023d5a7bf510]
Event: 3.264 Thread 0x0000023d75383000 4377       1       java.text.SimpleDateFormat::subFormat (1260 bytes)
Event: 3.264 Thread 0x0000023d75ccc800 nmethod 4368 0x0000023d5a7bf690 code [0x0000023d5a7bfd00, 0x0000023d5a7c29d0]
Event: 3.264 Thread 0x0000023d75ccc800 4378       1       java.util.Calendar::getDisplayName (165 bytes)

GC Heap History (10 events):
Event: 1.005 GC heap before
{Heap before GC invocations=1 (full 0):
 garbage-first heap   total 260096K, used 17526K [0x0000000702e00000, 0x0000000800000000)
  region size 1024K, 12 young (12288K), 3 survivors (3072K)
 Metaspace       used 14139K, capacity 14452K, committed 14720K, reserved 1062912K
  class space    used 1499K, capacity 1629K, committed 1664K, reserved 1048576K
}
Event: 1.007 GC heap after
{Heap after GC invocations=2 (full 0):
 garbage-first heap   total 260096K, used 8659K [0x0000000702e00000, 0x0000000800000000)
  region size 1024K, 1 young (1024K), 1 survivors (1024K)
 Metaspace       used 14139K, capacity 14452K, committed 14720K, reserved 1062912K
  class space    used 1499K, capacity 1629K, committed 1664K, reserved 1048576K
}
Event: 1.082 GC heap before
{Heap before GC invocations=2 (full 0):
 garbage-first heap   total 260096K, used 49619K [0x0000000702e00000, 0x0000000800000000)
  region size 1024K, 42 young (43008K), 1 survivors (1024K)
 Metaspace       used 14650K, capacity 15010K, committed 15104K, reserved 1062912K
  class space    used 1567K, capacity 1709K, committed 1792K, reserved 1048576K
}
Event: 1.083 GC heap after
{Heap after GC invocations=3 (full 0):
 garbage-first heap   total 260096K, used 8603K [0x0000000702e00000, 0x0000000800000000)
  region size 1024K, 1 young (1024K), 1 survivors (1024K)
 Metaspace       used 14650K, capacity 15010K, committed 15104K, reserved 1062912K
  class space    used 1567K, capacity 1709K, committed 1792K, reserved 1048576K
}
Event: 1.355 GC heap before
{Heap before GC invocations=3 (full 0):
 garbage-first heap   total 260096K, used 45467K [0x0000000702e00000, 0x0000000800000000)
  region size 1024K, 38 young (38912K), 1 survivors (1024K)
 Metaspace       used 20721K, capacity 21226K, committed 21296K, reserved 1069056K
  class space    used 2450K, capacity 2663K, committed 2688K, reserved 1048576K
}
Event: 1.357 GC heap after
{Heap after GC invocations=4 (full 0):
 garbage-first heap   total 260096K, used 10277K [0x0000000702e00000, 0x0000000800000000)
  region size 1024K, 2 young (2048K), 2 survivors (2048K)
 Metaspace       used 20721K, capacity 21226K, committed 21296K, reserved 1069056K
  class space    used 2450K, capacity 2663K, committed 2688K, reserved 1048576K
}
Event: 2.027 GC heap before
{Heap before GC invocations=5 (full 0):
 garbage-first heap   total 260096K, used 136229K [0x0000000702e00000, 0x0000000800000000)
  region size 1024K, 126 young (129024K), 2 survivors (2048K)
 Metaspace       used 28831K, capacity 29728K, committed 29948K, reserved 1075200K
  class space    used 3547K, capacity 3869K, committed 3916K, reserved 1048576K
}
Event: 2.031 GC heap after
{Heap after GC invocations=6 (full 0):
 garbage-first heap   total 260096K, used 14393K [0x0000000702e00000, 0x0000000800000000)
  region size 1024K, 6 young (6144K), 6 survivors (6144K)
 Metaspace       used 28831K, capacity 29728K, committed 29948K, reserved 1075200K
  class space    used 3547K, capacity 3869K, committed 3916K, reserved 1048576K
}
Event: 2.820 GC heap before
{Heap before GC invocations=6 (full 0):
 garbage-first heap   total 260096K, used 120889K [0x0000000702e00000, 0x0000000800000000)
  region size 1024K, 111 young (113664K), 6 survivors (6144K)
 Metaspace       used 34888K, capacity 35982K, committed 36048K, reserved 1081344K
  class space    used 4453K, capacity 4891K, committed 4940K, reserved 1048576K
}
Event: 2.831 GC heap after
{Heap after GC invocations=7 (full 0):
 garbage-first heap   total 260096K, used 18255K [0x0000000702e00000, 0x0000000800000000)
  region size 1024K, 10 young (10240K), 10 survivors (10240K)
 Metaspace       used 34888K, capacity 35982K, committed 36048K, reserved 1081344K
  class space    used 4453K, capacity 4891K, committed 4940K, reserved 1048576K
}

Deoptimization events (0 events):
No events

Classes redefined (0 events):
No events

Internal exceptions (10 events):
Event: 3.016 Thread 0x0000023d76a8c800 Exception <a 'java/lang/ClassNotFoundException'{0x0000000711754980}: org/springframework/beans/factory/BeanFactoryAwareCustomizer> (0x0000000711754980) thrown at [t:/workspace/open/src/hotspot/share/classfile/systemDictionary.cpp, line 231]
Event: 3.016 Thread 0x0000023d76a8c800 Exception <a 'java/lang/ClassNotFoundException'{0x0000000711765a10}: org/springframework/beans/factory/AwareCustomizer> (0x0000000711765a10) thrown at [t:/workspace/open/src/hotspot/share/classfile/systemDictionary.cpp, line 231]
Event: 3.017 Thread 0x0000023d76a8c800 Exception <a 'java/lang/ClassNotFoundException'{0x0000000711775818}: org/springframework/aop/PointcutAdvisorCustomizer> (0x0000000711775818) thrown at [t:/workspace/open/src/hotspot/share/classfile/systemDictionary.cpp, line 231]
Event: 3.017 Thread 0x0000023d76a8c800 Exception <a 'java/lang/ClassNotFoundException'{0x00000007117857f0}: org/springframework/aop/AdvisorCustomizer> (0x00000007117857f0) thrown at [t:/workspace/open/src/hotspot/share/classfile/systemDictionary.cpp, line 231]
Event: 3.017 Thread 0x0000023d76a8c800 Exception <a 'java/lang/ClassNotFoundException'{0x0000000711796468}: org/springframework/core/OrderedCustomizer> (0x0000000711796468) thrown at [t:/workspace/open/src/hotspot/share/classfile/systemDictionary.cpp, line 231]
Event: 3.051 Thread 0x0000023d76a8c800 Exception <a 'java/lang/NoSuchMethodError'{0x000000071146f858}: java.lang.invoke.DirectMethodHandle$Holder.invokeSpecial(Ljava/lang/Object;Ljava/lang/Object;Ljava/lang/Object;Ljava/lang/Object;Ljava/lang/Object;)I> (0x000000071146f858) thrown at [t:/works
Event: 3.103 Thread 0x0000023d76a8c800 Exception <a 'java/lang/NoSuchMethodError'{0x0000000710f8cd28}: java.lang.invoke.DirectMethodHandle$Holder.invokeInterface(Ljava/lang/Object;Ljava/lang/Object;I)V> (0x0000000710f8cd28) thrown at [t:/workspace/open/src/hotspot/share/interpreter/linkResolve
Event: 3.105 Thread 0x0000023d76a8c800 Exception <a 'java/lang/NoSuchMethodError'{0x0000000710fd0770}: java.lang.invoke.DirectMethodHandle$Holder.invokeStatic(Ljava/lang/Object;ILjava/lang/Object;)V> (0x0000000710fd0770) thrown at [t:/workspace/open/src/hotspot/share/interpreter/linkResolver.c
Event: 3.106 Thread 0x0000023d76a8c800 Exception <a 'java/lang/NoSuchMethodError'{0x0000000710ff2990}: java.lang.invoke.DirectMethodHandle$Holder.invokeVirtual(Ljava/lang/Object;Ljava/lang/Object;)I> (0x0000000710ff2990) thrown at [t:/workspace/open/src/hotspot/share/interpreter/linkResolver.c
Event: 3.107 Thread 0x0000023d76a8c800 Exception <a 'java/lang/NoSuchMethodError'{0x0000000710ffc420}: java.lang.invoke.DirectMethodHandle$Holder.invokeSpecialIFC(Ljava/lang/Object;Ljava/lang/Object;Ljava/lang/Object;Ljava/lang/Object;)I> (0x0000000710ffc420) thrown at [t:/workspace/open/src/h

Events (10 events):
Event: 3.262 loading class org/apache/catalina/realm/X509SubjectDnRetriever
Event: 3.262 loading class org/apache/catalina/realm/X509SubjectDnRetriever done
Event: 3.262 loading class org/apache/catalina/realm/X509UsernameRetriever
Event: 3.262 loading class org/apache/catalina/realm/X509UsernameRetriever done
Event: 3.262 loading class org/apache/catalina/core/ContainerBase$StartChild
Event: 3.262 loading class org/apache/catalina/core/ContainerBase$StartChild done
Event: 3.263 loading class org/apache/catalina/valves/ErrorReportValve
Event: 3.263 loading class org/apache/catalina/valves/ErrorReportValve done
Event: 3.264 loading class org/apache/catalina/util/ContextName
Event: 3.264 loading class org/apache/catalina/util/ContextName done


Dynamic libraries:
0x00007ff746320000 - 0x00007ff746367000 	C:\Program Files\Java\jdk-11.0.2\bin\java.exe
0x00007ff9c7a30000 - 0x00007ff9c7c25000 	C:\WINDOWS\SYSTEM32\ntdll.dll
0x00007ff9c76c0000 - 0x00007ff9c777d000 	C:\WINDOWS\System32\KERNEL32.DLL
0x00007ff9c5350000 - 0x00007ff9c5617000 	C:\WINDOWS\System32\KERNELBASE.dll
0x00007ff9c7410000 - 0x00007ff9c74ba000 	C:\WINDOWS\System32\ADVAPI32.dll
0x00007ff9c5ab0000 - 0x00007ff9c5b4e000 	C:\WINDOWS\System32\msvcrt.dll
0x00007ff9c6fa0000 - 0x00007ff9c703b000 	C:\WINDOWS\System32\sechost.dll
0x00007ff9c78c0000 - 0x00007ff9c79e3000 	C:\WINDOWS\System32\RPCRT4.dll
0x00007ff9c7190000 - 0x00007ff9c7330000 	C:\WINDOWS\System32\USER32.dll
0x00007ff9c5a70000 - 0x00007ff9c5a92000 	C:\WINDOWS\System32\win32u.dll
0x00007ff9c7330000 - 0x00007ff9c735a000 	C:\WINDOWS\System32\GDI32.dll
0x00007ff9c5960000 - 0x00007ff9c5a6a000 	C:\WINDOWS\System32\gdi32full.dll
0x00007ff9c52b0000 - 0x00007ff9c534d000 	C:\WINDOWS\System32\msvcp_win.dll
0x00007ff9c51b0000 - 0x00007ff9c52b0000 	C:\WINDOWS\System32\ucrtbase.dll
0x00007ff9b8700000 - 0x00007ff9b899a000 	C:\WINDOWS\WinSxS\amd64_microsoft.windows.common-controls_6595b64144ccf1df_6.0.19041.1_none_b555e41d4684ddec\COMCTL32.dll
0x00007ff9bcb70000 - 0x00007ff9bcb7a000 	C:\WINDOWS\SYSTEM32\VERSION.dll
0x00007ff9c7160000 - 0x00007ff9c7190000 	C:\WINDOWS\System32\IMM32.DLL
0x00007ff9bfd50000 - 0x00007ff9bfd66000 	C:\Program Files\Java\jdk-11.0.2\bin\vcruntime140.dll
0x00007ff997e70000 - 0x00007ff997f1a000 	C:\Program Files\Java\jdk-11.0.2\bin\msvcp140.dll
0x00007ff97dad0000 - 0x00007ff97e5f7000 	C:\Program Files\Java\jdk-11.0.2\bin\server\jvm.dll
0x00007ff9c5aa0000 - 0x00007ff9c5aa8000 	C:\WINDOWS\System32\PSAPI.DLL
0x00007ff9adce0000 - 0x00007ff9adce9000 	C:\WINDOWS\SYSTEM32\WSOCK32.dll
0x00007ff9b9b80000 - 0x00007ff9b9ba7000 	C:\WINDOWS\SYSTEM32\WINMM.dll
0x00007ff9c7580000 - 0x00007ff9c75eb000 	C:\WINDOWS\System32\WS2_32.dll
0x00007ff9c30c0000 - 0x00007ff9c30d3000 	C:\WINDOWS\SYSTEM32\kernel.appcore.dll
0x00007ff9bd6c0000 - 0x00007ff9bd6d1000 	C:\Program Files\Java\jdk-11.0.2\bin\verify.dll
0x00007ff9ad9d0000 - 0x00007ff9adbb4000 	C:\WINDOWS\SYSTEM32\DBGHELP.DLL
0x00007ff9adcf0000 - 0x00007ff9add1c000 	C:\WINDOWS\SYSTEM32\dbgcore.DLL
0x00007ff9c58e0000 - 0x00007ff9c595f000 	C:\WINDOWS\System32\bcryptPrimitives.dll
0x00007ff9b4ad0000 - 0x00007ff9b4af9000 	C:\Program Files\Java\jdk-11.0.2\bin\java.dll
0x00007ff9b4080000 - 0x00007ff9b40af000 	C:\Program Files\Java\jdk-11.0.2\bin\instrument.dll
0x00007ff9b5dc0000 - 0x00007ff9b5dd6000 	C:\Program Files\Java\jdk-11.0.2\bin\zip.dll
0x00007ff9bf3c0000 - 0x00007ff9bf3ca000 	C:\Program Files\Java\jdk-11.0.2\bin\jimage.dll
0x00007ff9c5c30000 - 0x00007ff9c6370000 	C:\WINDOWS\System32\SHELL32.dll
0x00007ff9c32c0000 - 0x00007ff9c3a51000 	C:\WINDOWS\SYSTEM32\windows.storage.dll
0x00007ff9c6940000 - 0x00007ff9c6c93000 	C:\WINDOWS\System32\combase.dll
0x00007ff9c4c00000 - 0x00007ff9c4c2c000 	C:\WINDOWS\SYSTEM32\Wldp.dll
0x00007ff9c7360000 - 0x00007ff9c740e000 	C:\WINDOWS\System32\SHCORE.dll
0x00007ff9c7520000 - 0x00007ff9c7575000 	C:\WINDOWS\System32\shlwapi.dll
0x00007ff9c50c0000 - 0x00007ff9c50df000 	C:\WINDOWS\SYSTEM32\profapi.dll
0x00007ff9b4060000 - 0x00007ff9b4079000 	C:\Program Files\Java\jdk-11.0.2\bin\net.dll
0x00007ff9b96e0000 - 0x00007ff9b97e0000 	C:\WINDOWS\SYSTEM32\WINHTTP.dll
0x00007ff9b3120000 - 0x00007ff9b330d000 	C:\WINDOWS\SYSTEM32\urlmon.dll
0x00007ff9b2e70000 - 0x00007ff9b311f000 	C:\WINDOWS\SYSTEM32\iertutil.dll
0x00007ff9c4930000 - 0x00007ff9c499a000 	C:\WINDOWS\system32\mswsock.dll
0x00007ff9acd40000 - 0x00007ff9acd53000 	C:\Program Files\Java\jdk-11.0.2\bin\nio.dll
0x00007ff9a7ca0000 - 0x00007ff9a7cba000 	E:\Program Files\JetBrains\IntelliJ IDEA 2019.3.3\bin\breakgen64.dll
0x00007ff9c4630000 - 0x00007ff9c46fa000 	C:\WINDOWS\SYSTEM32\DNSAPI.dll
0x00007ff9c45e0000 - 0x00007ff9c461b000 	C:\WINDOWS\SYSTEM32\IPHLPAPI.DLL
0x00007ff9c7780000 - 0x00007ff9c7789000 	C:\WINDOWS\System32\NSI.dll
0x00007ff9bcc10000 - 0x00007ff9bcc1a000 	C:\Windows\System32\rasadhlp.dll
0x00007ff9b7390000 - 0x00007ff9b740f000 	C:\WINDOWS\System32\fwpuclnt.dll
0x00007ff9c5180000 - 0x00007ff9c51a7000 	C:\WINDOWS\System32\bcrypt.dll
0x00007ff9bf370000 - 0x00007ff9bf379000 	C:\Program Files\Java\jdk-11.0.2\bin\management.dll
0x00007ff9bd6b0000 - 0x00007ff9bd6bc000 	C:\Program Files\Java\jdk-11.0.2\bin\management_ext.dll
0x00007ff9c4ad0000 - 0x00007ff9c4ae8000 	C:\WINDOWS\SYSTEM32\CRYPTSP.dll
0x00007ff9c4260000 - 0x00007ff9c4294000 	C:\WINDOWS\system32\rsaenh.dll
0x00007ff9c5040000 - 0x00007ff9c506e000 	C:\WINDOWS\SYSTEM32\USERENV.dll
0x00007ff9c4af0000 - 0x00007ff9c4afc000 	C:\WINDOWS\SYSTEM32\CRYPTBASE.dll
0x00007ff9bbc00000 - 0x00007ff9bbc17000 	C:\WINDOWS\SYSTEM32\dhcpcsvc6.DLL
0x00007ff9bbe60000 - 0x00007ff9bbe7d000 	C:\WINDOWS\SYSTEM32\dhcpcsvc.DLL
0x00007ff9af330000 - 0x00007ff9af347000 	C:\WINDOWS\system32\napinsp.dll
0x00007ff9af260000 - 0x00007ff9af27b000 	C:\WINDOWS\system32\pnrpnsp.dll
0x00007ff9bfef0000 - 0x00007ff9bff05000 	C:\WINDOWS\system32\wshbth.dll
0x00007ff9c0b00000 - 0x00007ff9c0b1d000 	C:\WINDOWS\system32\NLAapi.dll
0x00007ff9af240000 - 0x00007ff9af252000 	C:\WINDOWS\System32\winrnr.dll

dbghelp: loaded successfully - version: 4.0.5 - missing functions: none
symbol engine: initialized successfully - sym options: 0x614 - pdb path: .;C:\Program Files\Java\jdk-11.0.2\bin;C:\WINDOWS\SYSTEM32;C:\WINDOWS\WinSxS\amd64_microsoft.windows.common-controls_6595b64144ccf1df_6.0.19041.1_none_b555e41d4684ddec;C:\Program Files\Java\jdk-11.0.2\bin\server;E:\Program Files\JetBrains\IntelliJ IDEA 2019.3.3\bin

VM Arguments:
jvm_args: -XX:TieredStopAtLevel=1 -Xverify:none -Dspring.output.ansi.enabled=always -Dcom.sun.management.jmxremote -Dspring.jmx.enabled=true -Dspring.liveBeansView.mbeanDomain -Dspring.application.admin.enabled=true -javaagent:E:\Program Files\JetBrains\IntelliJ IDEA 2019.3.3\lib\idea_rt.jar=49413:E:\Program Files\JetBrains\IntelliJ IDEA 2019.3.3\bin -Dfile.encoding=UTF-8 
java_command: com.aquoco.starthere.StartHereApplication
java_class_path (initial): E:\projects\webapp-JavaBE\target\classes;C:\Users\inqui\.m2\repository\org\springframework\boot\spring-boot-starter-actuator\2.2.0.RELEASE\spring-boot-starter-actuator-2.2.0.RELEASE.jar;C:\Users\inqui\.m2\repository\org\springframework\boot\spring-boot-starter\2.2.0.RELEASE\spring-boot-starter-2.2.0.RELEASE.jar;C:\Users\inqui\.m2\repository\org\springframework\boot\spring-boot-starter-logging\2.2.0.RELEASE\spring-boot-starter-logging-2.2.0.RELEASE.jar;C:\Users\inqui\.m2\repository\ch\qos\logback\logback-classic\1.2.3\logback-classic-1.2.3.jar;C:\Users\inqui\.m2\repository\ch\qos\logback\logback-core\1.2.3\logback-core-1.2.3.jar;C:\Users\inqui\.m2\repository\org\apache\logging\log4j\log4j-to-slf4j\2.12.1\log4j-to-slf4j-2.12.1.jar;C:\Users\inqui\.m2\repository\org\apache\logging\log4j\log4j-api\2.12.1\log4j-api-2.12.1.jar;C:\Users\inqui\.m2\repository\org\slf4j\jul-to-slf4j\1.7.28\jul-to-slf4j-1.7.28.jar;C:\Users\inqui\.m2\repository\jakarta\annotation\jakarta.annotation-api\1.3.5\jakarta.annotation-api-1.3.5.jar;C:\Users\inqui\.m2\repository\org\yaml\snakeyaml\1.25\snakeyaml-1.25.jar;C:\Users\inqui\.m2\repository\org\springframework\boot\spring-boot-actuator-autoconfigure\2.2.0.RELEASE\spring-boot-actuator-autoconfigure-2.2.0.RELEASE.jar;C:\Users\inqui\.m2\repository\org\springframework\boot\spring-boot-actuator\2.2.0.RELEASE\spring-boot-actuator-2.2.0.RELEASE.jar;C:\Users\inqui\.m2\repository\com\fasterxml\jackson\core\jackson-databind\2.10.0\jackson-databind-2.10.0.jar;C:\Users\inqui\.m2\repository\com\fasterxml\jackson\core\jackson-core\2.10.0\jackson-core-2.10.0.jar;C:\Users\inqui\.m2\repository\com\fasterxml\jackson\datatype\jackson-datatype-jsr310\2.10.0\jackson-datatype-jsr310-2.10.0.jar;C:\Users\inqui\.m2\repository\io\micrometer\micrometer-core\1.3.0\micrometer-core-1.3.0.jar;C:\Users\inqui\.m2\repository\org\hdrhistogram\HdrHistogram\2.1.11\HdrHistogram-2.1.11.jar;C:\Users\inqui\.m2\repository\org\latencyutils\LatencyUtils\2.0.3
Launcher Type: SUN_STANDARD

[Global flags]
     bool BytecodeVerificationLocal                = false                                     {product} {command line}
     bool BytecodeVerificationRemote               = false                                     {product} {command line}
     intx CICompilerCount                          = 3                                         {product} {ergonomic}
     uint ConcGCThreads                            = 2                                         {product} {ergonomic}
     uint G1ConcRefinementThreads                  = 6                                         {product} {ergonomic}
   size_t G1HeapRegionSize                         = 1048576                                   {product} {ergonomic}
    uintx GCDrainStackTargetSize                   = 64                                        {product} {ergonomic}
   size_t InitialHeapSize                          = 266338304                                 {product} {ergonomic}
     bool ManagementServer                         = true                                      {product} {command line}
   size_t MarkStackSize                            = 4194304                                   {product} {ergonomic}
   size_t MaxHeapSize                              = 4246732800                                {product} {ergonomic}
   size_t MaxNewSize                               = 2548039680                                {product} {ergonomic}
   size_t MinHeapDeltaBytes                        = 1048576                                   {product} {ergonomic}
    uintx NonNMethodCodeHeapSize                   = 6973028                                {pd product} {ergonomic}
    uintx NonProfiledCodeHeapSize                  = 244685212                              {pd product} {ergonomic}
    uintx ProfiledCodeHeapSize                     = 0                                      {pd product} {ergonomic}
    uintx ReservedCodeCacheSize                    = 251658240                              {pd product} {ergonomic}
     bool SegmentedCodeCache                       = true                                      {product} {ergonomic}
     intx TieredStopAtLevel                        = 1                                         {product} {command line}
     bool UseCompressedClassPointers               = true                                 {lp64_product} {ergonomic}
     bool UseCompressedOops                        = true                                 {lp64_product} {ergonomic}
     bool UseG1GC                                  = true                                      {product} {ergonomic}
     bool UseLargePagesIndividualAllocation        = false                                  {pd product} {ergonomic}

Logging:
Log output configuration:
 #0: stdout all=warning uptime,level,tags
 #1: stderr all=off uptime,level,tags

Environment Variables:
JAVA_HOME=C:\Program Files\Java\jdk-11.0.2
PATH=C:\Users\inqui\AppData\Local\Programs\Python\Python37\;C:\Users\inqui\AppData\Local\Programs\Python\Python37\Scripts;C:\Program Files (x86)\Common Files\Oracle\Java\javapath;C:\Windows\system32;C:\Windows;C:\Windows\System32\Wbem;C:\Windows\System32\WindowsPowerShell\v1.0\;C:\Windows\System32\OpenSSH\;C:\Program Files (x86)\NVIDIA Corporation\PhysX\Common;C:\Program Files\NVIDIA Corporation\NVIDIA NvDLISR;C:\Program Files\dotnet\;C:\Program Files\Microsoft SQL Server\130\Tools\Binn\;C:\Program Files\Microsoft\Web Platform Installer\;C:\Sass;C:\Program Files\MySQL\MySQL Utilities 1.6\;C:\WINDOWS\system32;C:\WINDOWS;C:\WINDOWS\System32\Wbem;C:\WINDOWS\System32\WindowsPowerShell\v1.0\;C:\WINDOWS\System32\OpenSSH\;C:\Program Files (x86)\Intel\Intel(R) Management Engine Components\DAL;C:\Program Files\Intel\Intel(R) Management Engine Components\DAL;C:\ProgramData\chocolatey\bin;C:\Program Files (x86)\Yarn\bin\;C:\Users\inqui\AppData\Roaming\npm;C:\Program Files\Microsoft SQL Server\Client SDK\ODBC\170\Tools\Binn\;C:\Program Files\nodejs\;C:\Program Files (x86)\dotnet\;C:\Program Files\Java\jdk-11.0.2\bin;C:\Maven\apache-maven\src\bin\mvn;C:\Program Files\PuTTY\;C:\Program Files\Git\cmd;C:\Program Files\Docker\Docker\resources\bin;C:\ProgramData\DockerDesktop\version-bin;C:\Users\inqui\AppData\Local\Programs\Python\Python37\Scripts\;C:\Users\inqui\AppData\Local\Programs\Python\Python37\;C:\Users\inqui\AppData\Local\Microsoft\WindowsApps;C:\Users\inqui\AppData\Local\Programs\Fiddler;C:\Users\inqui\AppData\Local\Programs\Microsoft VS Code\bin;C:\Program Files\Java\jdk-11.0.2\bin;C:\MinGW\bin;C:\MinGW\msys\1.0\bin;C:\Users\inqui\AppData\Local\GitHubDesktop\bin;C:\swigwin-3.0.12;C:\Program Files\Microsoft Office\root\Office16\;C:\Program Files\xampp\php\;C:\Sass;C:\Users\inqui\AppData\Local\Microsoft\WindowsApps;C:\Users\inqui\AppData\Local\Yarn\bin;C:\Program Files\heroku\bin;C:\Users\inqui\AppData\Roaming\npm;E:\Program Files\JetBrains\IntelliJ IDEA 2019.3.3\bin;;
USERNAME=inqui
OS=Windows_NT
PROCESSOR_IDENTIFIER=Intel64 Family 6 Model 158 Stepping 10, GenuineIntel



---------------  S Y S T E M  ---------------

OS: Windows 10 , 64 bit Build 19041 (10.0.19041.292)

CPU:total 6 (initial active 6) (6 cores per cpu, 1 threads per core) family 6 model 158 stepping 10, cmov, cx8, fxsr, mmx, sse, sse2, sse3, ssse3, sse4.1, sse4.2, popcnt, avx, avx2, aes, clmul, erms, 3dnowpref, lzcnt, tsc, tscinvbit, bmi1, bmi2, adx, fma

Memory: 4k page, system-wide physical 16195M (4599M free)
TotalPageFile size 21195M (AvailPageFile size 4M)
current process WorkingSet (physical memory assigned to process): 245M, peak: 245M
current process commit charge ("private bytes"): 402M, peak: 402M

vm_info: Java HotSpot(TM) 64-Bit Server VM (11.0.2+9-LTS) for windows-amd64 JRE (11.0.2+9-LTS), built on Jan 18 2019 05:24:10 by "mach5one" with MS VC++ 15.5 (VS2017)

END.
